mode: atomic
gofrendi/structureExample/appController/handleRoutes.go:10.102,39.2 15 7
gofrendi/structureExample/appController/hello.go:9.34,11.2 1 1
gofrendi/structureExample/appController/initTestEcho.go:10.57,17.2 6 7
gofrendi/structureExample/appController/person.go:24.85,29.2 1 7
gofrendi/structureExample/appController/person.go:31.56,35.16 4 2
gofrendi/structureExample/appController/person.go:39.2,40.16 2 2
gofrendi/structureExample/appController/person.go:44.2,46.16 3 2
gofrendi/structureExample/appController/person.go:50.2,50.38 1 2
gofrendi/structureExample/appController/person.go:35.16,38.3 2 0
gofrendi/structureExample/appController/person.go:40.16,43.3 2 0
gofrendi/structureExample/appController/person.go:46.16,49.3 2 0
gofrendi/structureExample/appController/person.go:53.57,55.16 2 1
gofrendi/structureExample/appController/person.go:59.2,59.42 1 1
gofrendi/structureExample/appController/person.go:55.16,58.3 2 0
gofrendi/structureExample/appController/person.go:62.54,64.40 2 1
gofrendi/structureExample/appController/person.go:68.2,69.16 2 1
gofrendi/structureExample/appController/person.go:72.2,72.38 1 1
gofrendi/structureExample/appController/person.go:64.40,67.3 2 0
gofrendi/structureExample/appController/person.go:69.16,71.3 1 0
gofrendi/structureExample/appController/person.go:75.55,77.16 2 0
gofrendi/structureExample/appController/person.go:81.2,82.40 2 0
gofrendi/structureExample/appController/person.go:86.2,87.16 2 0
gofrendi/structureExample/appController/person.go:90.2,90.38 1 0
gofrendi/structureExample/appController/person.go:77.16,80.3 2 0
gofrendi/structureExample/appController/person.go:82.40,85.3 2 0
gofrendi/structureExample/appController/person.go:87.16,89.3 1 0
gofrendi/structureExample/appController/add.go:12.32,14.16 2 3
gofrendi/structureExample/appController/add.go:17.2,18.16 2 2
gofrendi/structureExample/appController/add.go:21.2,22.40 2 1
gofrendi/structureExample/appController/add.go:14.16,16.3 1 1
gofrendi/structureExample/appController/add.go:18.16,20.3 1 1
