mode: atomic
gofrendi/structureExample/appController/hello.go:9.34,11.2 1 1
gofrendi/structureExample/appController/initTestEcho.go:10.57,17.2 6 7
gofrendi/structureExample/appController/person.go:24.85,29.2 1 7
gofrendi/structureExample/appController/person.go:31.56,35.16 4 2
gofrendi/structureExample/appController/person.go:39.2,40.16 2 2
gofrendi/structureExample/appController/person.go:44.2,46.16 3 2
gofrendi/structureExample/appController/person.go:50.2,50.38 1 2
gofrendi/structureExample/appController/person.go:35.16,38.3 2 0
gofrendi/structureExample/appController/person.go:40.16,43.3 2 0
gofrendi/structureExample/appController/person.go:46.16,49.3 2 0
gofrendi/structureExample/appController/person.go:53.57,57.16 4 1
gofrendi/structureExample/appController/person.go:61.2,61.42 1 1
gofrendi/structureExample/appController/person.go:57.16,60.3 2 0
gofrendi/structureExample/appController/person.go:64.54,66.40 2 1
gofrendi/structureExample/appController/person.go:70.2,71.16 2 1
gofrendi/structureExample/appController/person.go:74.2,74.38 1 1
gofrendi/structureExample/appController/person.go:66.40,69.3 2 0
gofrendi/structureExample/appController/person.go:71.16,73.3 1 0
gofrendi/structureExample/appController/person.go:77.55,79.16 2 0
gofrendi/structureExample/appController/person.go:83.2,84.40 2 0
gofrendi/structureExample/appController/person.go:88.2,89.16 2 0
gofrendi/structureExample/appController/person.go:92.2,92.38 1 0
gofrendi/structureExample/appController/person.go:79.16,82.3 2 0
gofrendi/structureExample/appController/person.go:84.40,87.3 2 0
gofrendi/structureExample/appController/person.go:89.16,91.3 1 0
gofrendi/structureExample/appController/add.go:12.32,14.16 2 3
gofrendi/structureExample/appController/add.go:17.2,18.16 2 2
gofrendi/structureExample/appController/add.go:21.2,22.40 2 1
gofrendi/structureExample/appController/add.go:14.16,16.3 1 1
gofrendi/structureExample/appController/add.go:18.16,20.3 1 1
gofrendi/structureExample/appController/handleRoutes.go:10.102,39.2 15 7
